136 <45>1 2016-04-28T17:50:40.034430+00:00 heroku api - - Deploy fc73b35 by davideltonhall@gmail.com
129 <190>1 2016-04-28T17:50:40.257671+00:00 heroku slug-compiler - - Slug compilation started
142 <45>1 2016-04-28T17:50:40.034430+00:00 heroku api - - Release v104 created by davideltonhall@gmail.com
130 <190>1 2016-04-28T17:50:40.257680+00:00 heroku slug-compiler - - Slug compilation finished
106 <45>1 2016-04-28T17:50:40.245049+00:00 heroku web.1 - - Restarting
129 <45>1 2016-04-28T17:50:40.245766+00:00 heroku web.1 - - State changed from up to starting
162 <45>1 2016-04-28T17:50:43.213610+00:00 heroku web.1 - - Starting process with command `bundle exec puma -C config/puma.rb`
131 <45>1 2016-04-28T17:50:43.884097+00:00 heroku web.1 - - Stopping all processes with SIGTERM
135 <190>1 2016-04-28T17:50:44.729125+00:00 app web.1 - - [3] - Gracefully shutting down workers...
146 <190>1 2016-04-28T17:50:45.300877+00:00 app web.1 - - [3] === puma shutdown: 2016-04-28 17:50:45 +0000 ===
108 <190>1 2016-04-28T17:50:45.300956+00:00 app web.1 - - [3] - Goodbye!
130 <190>1 2016-04-28T17:50:45.963204+00:00 app web.1 - - [3] Puma starting in cluster mode...
160 <190>1 2016-04-28T17:50:45.963237+00:00 app web.1 - - [3] * Version 2.11.1 (ruby 2.2.2-p95), codename: Intrepid Squirrel
130 <190>1 2016-04-28T17:50:45.963238+00:00 app web.1 - - [3] * Min threads: 5, max threads: 5
123 <190>1 2016-04-28T17:50:45.963239+00:00 app web.1 - - [3] * Environment: production
118 <190>1 2016-04-28T17:50:45.963242+00:00 app web.1 - - [3] * Process workers: 2
122 <190>1 2016-04-28T17:50:45.963243+00:00 app web.1 - - [3] * Preloading application
124 <45>1 2016-04-28T17:50:46.389402+00:00 heroku web.1 - - Process exited with status 0
252 <190>1 2016-04-28T17:50:48.485605+00:00 app web.1 - -   [1m[36mAccountState Load (1.7ms)[0m  [1mSELECT  "account_states".* FROM "account_states" WHERE "account_states"."state" = $1 LIMIT 1[0m  [["state", 0]]
244 <190>1 2016-04-28T17:50:48.524193+00:00 app web.1 - -   [1m[35mAccountState Load (9.4ms)[0m  SELECT  "account_states".* FROM "account_states" WHERE "account_states"."state" = $1 LIMIT 1  [["state", 1]]
132 <190>1 2016-04-28T17:50:48.761466+00:00 app web.1 - - [3] * Listening on tcp://0.0.0.0:35823
116 <190>1 2016-04-28T17:50:48.761593+00:00 app web.1 - - [3] Use Ctrl-C to stop
134 <190>1 2016-04-28T17:50:48.769545+00:00 app web.1 - - [3] - Worker 0 (pid: 6) booted, phase: 0
134 <190>1 2016-04-28T17:50:48.772893+00:00 app web.1 - - [3] - Worker 1 (pid: 8) booted, phase: 0
129 <45>1 2016-04-28T17:50:49.319362+00:00 heroku web.1 - - State changed from starting to up
156 <190>1 2016-04-28T17:50:51.987312+00:00 app web.1 - - Started GET "/" for 50.46.117.254 at 2016-04-28 17:50:51 +0000
142 <190>1 2016-04-28T17:50:52.104897+00:00 app web.1 - - Processing by StaticPagesController#home as HTML
245 <190>1 2016-04-28T17:50:52.134374+00:00 app web.1 - -   [1m[36mWebsiteSetting Load (1.7ms)[0m  [1mSELECT  "website_settings".* FROM "website_settings"  ORDER BY "website_settings"."id" DESC LIMIT 1[0m
152 <190>1 2016-04-28T17:50:52.159030+00:00 app web.1 - -   Rendered shared/_access_code_submission.html.erb (1.5ms)
166 <190>1 2016-04-28T17:50:52.159058+00:00 app web.1 - -   Rendered static_pages/home.html.erb within layouts/application (6.5ms)
135 <190>1 2016-04-28T17:50:52.164648+00:00 app web.1 - -   Rendered layouts/_shim.html.erb (1.3ms)
137 <190>1 2016-04-28T17:50:52.169258+00:00 app web.1 - -   Rendered layouts/_header.html.erb (4.1ms)
137 <190>1 2016-04-28T17:50:52.172407+00:00 app web.1 - -   Rendered layouts/_footer.html.erb (2.3ms)
156 <190>1 2016-04-28T17:50:52.173865+00:00 app web.1 - - Completed 200 OK in 68ms (Views: 27.3ms | ActiveRecord: 9.3ms)
330 <158>1 2016-04-28T17:50:52.281464+00:00 heroku router - - at=info method=GET path="/assets/application-6705dc7e15b628d4df560d8f9ef7a8af.js" host=www.farmerscellar.com request_id=295ac723-e17b-428e-8af5-76142698e011 fwd="50.46.117.254" dyno=web.1 connect=0ms service=5ms status=304 bytes=159
331 <158>1 2016-04-28T17:50:52.281237+00:00 heroku router - - at=info method=GET path="/assets/application-e22100037e3b58edf1f4956b42a0dbf7.css" host=www.farmerscellar.com request_id=19b6bb0d-9336-4296-a667-af2262428fd1 fwd="50.46.117.254" dyno=web.1 connect=2ms service=4ms status=304 bytes=145
279 <158>1 2016-04-28T17:50:52.183520+00:00 heroku router - - at=info method=GET path="/" host=www.farmerscellar.com request_id=ed36e279-0d85-4ae3-913e-1ac15bf7584d fwd="50.46.117.254" dyno=web.1 connect=0ms service=198ms status=200 bytes=3212
287 <158>1 2016-04-28T17:50:52.526718+00:00 heroku router - - at=info method=GET path="/favicon.ico" host=www.farmerscellar.com request_id=19f5d292-5875-4742-8b43-8f93f07f76a0 fwd="50.46.117.254" dyno=web.1 connect=1ms service=2ms status=200 bytes=188
161 <190>1 2016-04-28T17:50:53.492392+00:00 app web.1 - - Started GET "/login" for 50.46.117.254 at 2016-04-28 17:50:53 +0000
138 <190>1 2016-04-28T17:50:53.584435+00:00 app web.1 - - Processing by SessionsController#new as HTML
284 <158>1 2016-04-28T17:50:54.134689+00:00 heroku router - - at=info method=GET path="/login" host=www.farmerscellar.com request_id=8e2edd0b-d0e0-440f-8445-4c030e871280 fwd="50.46.117.254" dyno=web.1 connect=0ms service=644ms status=200 bytes=3780
163 <190>1 2016-04-28T17:50:54.127453+00:00 app web.1 - -   Rendered sessions/new.html.erb within layouts/application (520.4ms)
135 <190>1 2016-04-28T17:50:54.129756+00:00 app web.1 - -   Rendered layouts/_shim.html.erb (0.2ms)
137 <190>1 2016-04-28T17:50:54.131176+00:00 app web.1 - -   Rendered layouts/_header.html.erb (1.0ms)
137 <190>1 2016-04-28T17:50:54.132208+00:00 app web.1 - -   Rendered layouts/_footer.html.erb (0.5ms)
158 <190>1 2016-04-28T17:50:54.132483+00:00 app web.1 - - Completed 200 OK in 548ms (Views: 531.9ms | ActiveRecord: 0.0ms)
286 <158>1 2016-04-28T17:50:54.339446+00:00 heroku router - - at=info method=GET path="/favicon.ico" host=www.farmerscellar.com request_id=206a9f96-ae05-42a7-a813-c3c0e96e90d2 fwd="50.46.117.254" dyno=web.1 connect=0ms service=1ms status=304 bytes=74
156 <190>1 2016-04-28T17:51:08.362543+00:00 app web.1 - - Started GET "/" for 50.46.117.254 at 2016-04-28 17:51:08 +0000
278 <158>1 2016-04-28T17:51:08.381881+00:00 heroku router - - at=info method=GET path="/" host=www.farmerscellar.com request_id=1bb5d461-94aa-4c1d-adbc-9abbc930ab89 fwd="50.46.117.254" dyno=web.1 connect=1ms service=19ms status=200 bytes=3212
142 <190>1 2016-04-28T17:51:08.367256+00:00 app web.1 - - Processing by StaticPagesController#home as HTML
237 <190>1 2016-04-28T17:51:08.370702+00:00 app web.1 - -   [1m[35mWebsiteSetting Load (1.4ms)[0m  SELECT  "website_settings".* FROM "website_settings"  ORDER BY "website_settings"."id" DESC LIMIT 1
152 <190>1 2016-04-28T17:51:08.373635+00:00 app web.1 - -   Rendered shared/_access_code_submission.html.erb (0.1ms)
166 <190>1 2016-04-28T17:51:08.373967+00:00 app web.1 - -   Rendered static_pages/home.html.erb within layouts/application (0.9ms)
135 <190>1 2016-04-28T17:51:08.375790+00:00 app web.1 - -   Rendered layouts/_shim.html.erb (0.1ms)
137 <190>1 2016-04-28T17:51:08.377133+00:00 app web.1 - -   Rendered layouts/_header.html.erb (0.9ms)
137 <190>1 2016-04-28T17:51:08.377632+00:00 app web.1 - -   Rendered layouts/_footer.html.erb (0.3ms)
155 <190>1 2016-04-28T17:51:08.377829+00:00 app web.1 - - Completed 200 OK in 10ms (Views: 6.4ms | ActiveRecord: 1.4ms)
331 <158>1 2016-04-28T17:51:08.548249+00:00 heroku router - - at=info method=GET path="/assets/application-e22100037e3b58edf1f4956b42a0dbf7.css" host=www.farmerscellar.com request_id=0909e5eb-6fdc-481d-83b0-a47e3341844f fwd="50.46.117.254" dyno=web.1 connect=1ms service=9ms status=304 bytes=145
330 <158>1 2016-04-28T17:51:08.702508+00:00 heroku router - - at=info method=GET path="/assets/application-6705dc7e15b628d4df560d8f9ef7a8af.js" host=www.farmerscellar.com request_id=547a7060-e605-4905-863e-51c7153761f9 fwd="50.46.117.254" dyno=web.1 connect=1ms service=3ms status=304 bytes=159
287 <158>1 2016-04-28T17:51:08.929900+00:00 heroku router - - at=info method=GET path="/favicon.ico" host=www.farmerscellar.com request_id=14394537-f01c-42ef-ae41-46cbef609bfc fwd="50.46.117.254" dyno=web.1 connect=1ms service=5ms status=200 bytes=188
161 <190>1 2016-04-28T17:51:10.020944+00:00 app web.1 - - Started GET "/login" for 50.46.117.254 at 2016-04-28 17:51:10 +0000
138 <190>1 2016-04-28T17:51:10.034460+00:00 app web.1 - - Processing by SessionsController#new as HTML
164 <190>1 2016-04-28T17:51:11.135072+00:00 app web.1 - -   Rendered sessions/new.html.erb within layouts/application (1092.7ms)
135 <190>1 2016-04-28T17:51:11.136197+00:00 app web.1 - -   Rendered layouts/_shim.html.erb (0.1ms)
137 <190>1 2016-04-28T17:51:11.136844+00:00 app web.1 - -   Rendered layouts/_header.html.erb (0.4ms)
137 <190>1 2016-04-28T17:51:11.137588+00:00 app web.1 - -   Rendered layouts/_footer.html.erb (0.4ms)
160 <190>1 2016-04-28T17:51:11.137937+00:00 app web.1 - - Completed 200 OK in 1103ms (Views: 1102.5ms | ActiveRecord: 0.0ms)
285 <158>1 2016-04-28T17:51:11.143782+00:00 heroku router - - at=info method=GET path="/login" host=www.farmerscellar.com request_id=f9e5b4be-d816-47df-8990-adeb223adcb1 fwd="50.46.117.254" dyno=web.1 connect=1ms service=1123ms status=200 bytes=3780
162 <190>1 2016-04-28T17:51:16.468382+00:00 app web.1 - - Started POST "/login" for 50.46.117.254 at 2016-04-28 17:51:16 +0000
141 <190>1 2016-04-28T17:51:16.472730+00:00 app web.1 - - Processing by SessionsController#create as HTML
353 <190>1 2016-04-28T17:51:16.472791+00:00 app web.1 - -   Parameters: {"utf8"=>"✓", "authenticity_token"=>"t5x/2sSL7Urrg/FnK8b8BiaRmmigFqH4/h0LnvKFDwflRxYLtlWqnlFP0xbCnXHiXulNFSc/pnyIcFEJC3+tJA==", "session"=>{"email"=>"davideltonhall@gmail.com", "password"=>"[FILTERED]", "remember_me"=>"0"}, "commit"=>"Log in"}
242 <190>1 2016-04-28T17:51:16.531531+00:00 app web.1 - -   [1m[36mUser Load (2.0ms)[0m  [1mSELECT  "users".* FROM "users" WHERE "users"."email" = $1 LIMIT 1[0m  [["email", "davideltonhall@gmail.com"]]
267 <190>1 2016-04-28T17:51:16.655034+00:00 app web.1 - -   [1m[35mUserAccountState Load (1.4ms)[0m  SELECT  "user_account_states".* FROM "user_account_states" WHERE "user_account_states"."user_id" = $1 LIMIT 1  [["user_id", 1]]
132 <190>1 2016-04-28T17:51:16.668046+00:00 app web.1 - -   [1m[36m (1.3ms)[0m  [1mBEGIN[0m
125 <190>1 2016-04-28T17:51:16.672912+00:00 app web.1 - -   [1m[35m (2.0ms)[0m  COMMIT
145 <190>1 2016-04-28T17:51:16.674357+00:00 app web.1 - - Redirected to https://www.farmerscellar.com/users/1
145 <190>1 2016-04-28T17:51:16.674505+00:00 app web.1 - - Completed 302 Found in 202ms (ActiveRecord: 44.2ms)
284 <158>1 2016-04-28T17:51:16.678782+00:00 heroku router - - at=info method=POST path="/login" host=www.farmerscellar.com request_id=3acb6bb8-37d3-4a8d-b700-f1e86e6787d1 fwd="50.46.117.254" dyno=web.1 connect=1ms service=261ms status=302 bytes=976
163 <190>1 2016-04-28T17:51:16.788882+00:00 app web.1 - - Started GET "/users/1" for 50.46.117.254 at 2016-04-28 17:51:16 +0000
136 <190>1 2016-04-28T17:51:16.812861+00:00 app web.1 - - Processing by UsersController#show as HTML
119 <190>1 2016-04-28T17:51:16.814016+00:00 app web.1 - -   Parameters: {"id"=>"1"}
211 <190>1 2016-04-28T17:51:16.835706+00:00 app web.1 - -   [1m[36mUser Load (3.6ms)[0m  [1mSELECT  "users".* FROM "users" WHERE "users"."id" = $1 LIMIT 1[0m  [["id", 1]]
240 <190>1 2016-04-28T17:51:17.018503+00:00 app web.1 - -   [1m[35mAccessCode Load (1.3ms)[0m  SELECT  "access_codes".* FROM "access_codes" WHERE "access_codes"."user_id" = $1 LIMIT 1  [["user_id", 1]]
212 <190>1 2016-04-28T17:51:17.128126+00:00 app web.1 - -   [1m[36mUser Load (14.3ms)[0m  [1mSELECT  "users".* FROM "users" WHERE "users"."id" = $1 LIMIT 1[0m  [["id", 1]]
286 <158>1 2016-04-28T17:51:17.184438+00:00 heroku router - - at=info method=GET path="/users/1" host=www.farmerscellar.com request_id=c846b056-fa06-4695-91fc-e28d807a9d6b fwd="50.46.117.254" dyno=web.1 connect=1ms service=397ms status=200 bytes=3556
159 <190>1 2016-04-28T17:51:17.149084+00:00 app web.1 - -   Rendered users/show.html.erb within layouts/application (2.0ms)
135 <190>1 2016-04-28T17:51:17.150556+00:00 app web.1 - -   Rendered layouts/_shim.html.erb (0.1ms)
138 <190>1 2016-04-28T17:51:17.178638+00:00 app web.1 - -   Rendered layouts/_header.html.erb (27.9ms)
137 <190>1 2016-04-28T17:51:17.179664+00:00 app web.1 - -   Rendered layouts/_footer.html.erb (0.6ms)
158 <190>1 2016-04-28T17:51:17.180009+00:00 app web.1 - - Completed 200 OK in 365ms (Views: 47.2ms | ActiveRecord: 64.0ms)
156 <190>1 2016-04-28T17:51:21.898810+00:00 app web.1 - - Started GET "/" for 50.46.117.254 at 2016-04-28 17:51:21 +0000
142 <190>1 2016-04-28T17:51:21.904476+00:00 app web.1 - - Processing by StaticPagesController#home as HTML
203 <190>1 2016-04-28T17:51:21.907895+00:00 app web.1 - -   [1m[35mUser Load (1.4ms)[0m  SELECT  "users".* FROM "users" WHERE "users"."id" = $1 LIMIT 1  [["id", 1]]
245 <190>1 2016-04-28T17:51:21.915654+00:00 app web.1 - -   [1m[36mWebsiteSetting Load (1.9ms)[0m  [1mSELECT  "website_settings".* FROM "website_settings"  ORDER BY "website_settings"."id" DESC LIMIT 1[0m
240 <190>1 2016-04-28T17:51:21.939778+00:00 app web.1 - -   [1m[35mAccessCode Load (3.2ms)[0m  SELECT  "access_codes".* FROM "access_codes" WHERE "access_codes"."user_id" = $1 LIMIT 1  [["user_id", 1]]
152 <190>1 2016-04-28T17:51:21.940351+00:00 app web.1 - -   Rendered shared/_access_code_submission.html.erb (5.3ms)
166 <190>1 2016-04-28T17:51:21.940503+00:00 app web.1 - -   Rendered static_pages/home.html.erb within layouts/application (8.6ms)
135 <190>1 2016-04-28T17:51:21.941899+00:00 app web.1 - -   Rendered layouts/_shim.html.erb (0.1ms)
278 <158>1 2016-04-28T17:51:21.948823+00:00 heroku router - - at=info method=GET path="/" host=www.farmerscellar.com request_id=7ebdbb20-b72e-49dd-b148-eff0194f5ee8 fwd="50.46.117.254" dyno=web.1 connect=1ms service=49ms status=200 bytes=4376
137 <190>1 2016-04-28T17:51:21.943244+00:00 app web.1 - -   Rendered layouts/_header.html.erb (1.2ms)
137 <190>1 2016-04-28T17:51:21.944174+00:00 app web.1 - -   Rendered layouts/_footer.html.erb (0.6ms)
157 <190>1 2016-04-28T17:51:21.944586+00:00 app web.1 - - Completed 200 OK in 40ms (Views: 17.1ms | ActiveRecord: 10.8ms)
165 <190>1 2016-04-28T17:51:23.599401+00:00 app web.1 - - Started GET "/test_page" for 50.46.117.254 at 2016-04-28 17:51:23 +0000
287 <158>1 2016-04-28T17:51:23.625152+00:00 heroku router - - at=info method=GET path="/test_page" host=www.farmerscellar.com request_id=8ad0784e-1b41-4109-8ab5-dac62d66c10b fwd="50.46.117.254" dyno=web.1 connect=1ms service=28ms status=200 bytes=5889
147 <190>1 2016-04-28T17:51:23.602158+00:00 app web.1 - - Processing by StaticPagesController#test_page as HTML
211 <190>1 2016-04-28T17:51:23.604330+00:00 app web.1 - -   [1m[36mUser Load (1.2ms)[0m  [1mSELECT  "users".* FROM "users" WHERE "users"."id" = $1 LIMIT 1[0m  [["id", 1]]
166 <190>1 2016-04-28T17:51:23.609741+00:00 app web.1 - -   Rendered static_pages/test_page.erb within layouts/application (3.4ms)
135 <190>1 2016-04-28T17:51:23.611650+00:00 app web.1 - -   Rendered layouts/_shim.html.erb (0.1ms)
240 <190>1 2016-04-28T17:51:23.618792+00:00 app web.1 - -   [1m[35mAccessCode Load (3.2ms)[0m  SELECT  "access_codes".* FROM "access_codes" WHERE "access_codes"."user_id" = $1 LIMIT 1  [["user_id", 1]]
137 <190>1 2016-04-28T17:51:23.620018+00:00 app web.1 - -   Rendered layouts/_header.html.erb (8.2ms)
137 <190>1 2016-04-28T17:51:23.620890+00:00 app web.1 - -   Rendered layouts/_footer.html.erb (0.4ms)
156 <190>1 2016-04-28T17:51:23.621312+00:00 app web.1 - - Completed 200 OK in 19ms (Views: 12.6ms | ActiveRecord: 4.4ms)
167 <190>1 2016-04-28T17:51:34.993297+00:00 app web.1 - - Started GET "/pickups/new" for 50.46.117.254 at 2016-04-28 17:51:34 +0000
137 <190>1 2016-04-28T17:51:34.997346+00:00 app web.1 - - Processing by PickupsController#new as HTML
212 <190>1 2016-04-28T17:51:35.004238+00:00 app web.1 - -   [1m[36mUser Load (1.3ms)[0m  [1mSELECT  "users".* FROM "users" WHERE "users"."id" = $1 LIMIT 1[0m  [["id", 96]]
160 <190>1 2016-04-28T17:51:35.013394+00:00 app web.1 - -   Rendered pickups/new.html.erb within layouts/application (2.3ms)
135 <190>1 2016-04-28T17:51:35.014756+00:00 app web.1 - -   Rendered layouts/_shim.html.erb (0.1ms)
241 <190>1 2016-04-28T17:51:35.029268+00:00 app web.1 - -   [1m[35mAccessCode Load (1.3ms)[0m  SELECT  "access_codes".* FROM "access_codes" WHERE "access_codes"."user_id" = $1 LIMIT 1  [["user_id", 96]]
245 <190>1 2016-04-28T17:51:35.033102+00:00 app web.1 - -   [1m[36mWebsiteSetting Load (1.3ms)[0m  [1mSELECT  "website_settings".* FROM "website_settings"  ORDER BY "website_settings"."id" DESC LIMIT 1[0m
223 <190>1 2016-04-28T17:51:35.034948+00:00 app web.1 - -   [1m[35mCACHE (0.0ms)[0m  SELECT  "website_settings".* FROM "website_settings"  ORDER BY "website_settings"."id" DESC LIMIT 1
138 <190>1 2016-04-28T17:51:35.035368+00:00 app web.1 - -   Rendered layouts/_header.html.erb (20.4ms)
137 <190>1 2016-04-28T17:51:35.035907+00:00 app web.1 - -   Rendered layouts/_footer.html.erb (0.3ms)
156 <190>1 2016-04-28T17:51:35.036232+00:00 app web.1 - - Completed 200 OK in 39ms (Views: 25.2ms | ActiveRecord: 6.4ms)
289 <158>1 2016-04-28T17:51:35.074859+00:00 heroku router - - at=info method=GET path="/pickups/new" host=www.farmerscellar.com request_id=895c9211-db48-4140-9567-dc8aadfe3e78 fwd="50.46.117.254" dyno=web.1 connect=0ms service=47ms status=200 bytes=4072
333 <158>1 2016-04-28T17:51:35.230176+00:00 heroku router - - at=info method=GET path="/assets/application-e22100037e3b58edf1f4956b42a0dbf7.css" host=www.farmerscellar.com request_id=640d071b-520e-4a5b-abee-bf3f4e1aea51 fwd="50.46.117.254" dyno=web.1 connect=0ms service=3ms status=200 bytes=22168
333 <158>1 2016-04-28T17:51:35.368038+00:00 heroku router - - at=info method=GET path="/assets/application-6705dc7e15b628d4df560d8f9ef7a8af.js" host=www.farmerscellar.com request_id=c190f7d2-a58b-4cad-85af-1787c3fccebf fwd="50.46.117.254" dyno=web.1 connect=3ms service=10ms status=200 bytes=65541
287 <158>1 2016-04-28T17:51:36.795885+00:00 heroku router - - at=info method=GET path="/favicon.ico" host=www.farmerscellar.com request_id=256b2774-2153-4ce1-a786-ce43edca805c fwd="50.46.117.254" dyno=web.1 connect=0ms service=3ms status=200 bytes=188
288 <158>1 2016-04-28T17:53:00.494847+00:00 heroku router - - at=info method=GET path="/test_page" host=www.farmerscellar.com request_id=15bf4b1c-4633-4e11-820c-1a70ffa48b08 fwd="50.46.117.254" dyno=web.1 connect=1ms service=101ms status=200 bytes=5889
330 <158>1 2016-04-28T17:53:00.873694+00:00 heroku router - - at=info method=GET path="/assets/application-6705dc7e15b628d4df560d8f9ef7a8af.js" host=www.farmerscellar.com request_id=0c904bf1-2a31-4801-ab30-64477ba38ed0 fwd="50.46.117.254" dyno=web.1 connect=0ms service=8ms status=304 bytes=159
165 <190>1 2016-04-28T17:53:00.445589+00:00 app web.1 - - Started GET "/test_page" for 50.46.117.254 at 2016-04-28 17:53:00 +0000
147 <190>1 2016-04-28T17:53:00.450372+00:00 app web.1 - - Processing by StaticPagesController#test_page as HTML
211 <190>1 2016-04-28T17:53:00.457843+00:00 app web.1 - -   [1m[36mUser Load (6.6ms)[0m  [1mSELECT  "users".* FROM "users" WHERE "users"."id" = $1 LIMIT 1[0m  [["id", 1]]
167 <190>1 2016-04-28T17:53:00.488366+00:00 app web.1 - -   Rendered static_pages/test_page.erb within layouts/application (29.8ms)
135 <190>1 2016-04-28T17:53:00.489249+00:00 app web.1 - -   Rendered layouts/_shim.html.erb (0.1ms)
240 <190>1 2016-04-28T17:53:00.491734+00:00 app web.1 - -   [1m[35mAccessCode Load (1.4ms)[0m  SELECT  "access_codes".* FROM "access_codes" WHERE "access_codes"."user_id" = $1 LIMIT 1  [["user_id", 1]]
137 <190>1 2016-04-28T17:53:00.492774+00:00 app web.1 - -   Rendered layouts/_header.html.erb (3.4ms)
137 <190>1 2016-04-28T17:53:00.493413+00:00 app web.1 - -   Rendered layouts/_footer.html.erb (0.4ms)
156 <190>1 2016-04-28T17:53:00.493709+00:00 app web.1 - - Completed 200 OK in 44ms (Views: 34.2ms | ActiveRecord: 8.0ms)
332 <158>1 2016-04-28T17:53:00.677300+00:00 heroku router - - at=info method=GET path="/assets/application-e22100037e3b58edf1f4956b42a0dbf7.css" host=www.farmerscellar.com request_id=0a212521-cc45-49ac-9669-5c045ed56ca1 fwd="50.46.117.254" dyno=web.1 connect=2ms service=13ms status=304 bytes=145
170 <190>1 2016-04-28T17:53:11.432464+00:00 app web.1 - - Started POST "/test/checkout" for 50.46.117.254 at 2016-04-28 17:53:11 +0000
139 <190>1 2016-04-28T17:53:11.447705+00:00 app web.1 - - Processing by TestController#checkout as HTML
275 <190>1 2016-04-28T17:53:11.450220+00:00 app web.1 - -   Parameters: {"utf8"=>"✓", "authenticity_token"=>"/kzZdBhplX+RwIfNZTA2m32WFIGoCrUNiXf2afJF1cGsl7ClarfSqysMpbyMa7t/Be7D/C8json/Gqz+C7934g==", "amount"=>"40", "commit"=>"Checkout"}
211 <190>1 2016-04-28T17:53:11.459573+00:00 app web.1 - -   [1m[36mUser Load (3.1ms)[0m  [1mSELECT  "users".* FROM "users" WHERE "users"."id" = $1 LIMIT 1[0m  [["id", 1]]
128 <190>1 2016-04-28T17:53:12.449818+00:00 app web.1 - - -------------checkout-------------
140 <190>1 2016-04-28T17:53:12.449830+00:00 app web.1 - - PAYPALDATASTORE[:token] = EC-6HN71451UJ3949611
125 <190>1 2016-04-28T17:53:12.449835+00:00 app web.1 - - PAYPALDATASTORE[:amount] = 40.0
168 <190>1 2016-04-28T17:53:12.453653+00:00 app web.1 - - response = --- !ruby/object:ActiveMerchant::Billing::PaypalExpressResponse
101 <190>1 2016-04-28T17:53:12.453674+00:00 app web.1 - - params:
129 <190>1 2016-04-28T17:53:12.453675+00:00 app web.1 - -   timestamp: '2016-04-28T17:53:12Z'
108 <190>1 2016-04-28T17:53:12.453676+00:00 app web.1 - -   ack: Success
125 <190>1 2016-04-28T17:53:12.453677+00:00 app web.1 - -   correlation_id: 117fe5ace1b29
109 <190>1 2016-04-28T17:53:12.453678+00:00 app web.1 - -   version: '72'
113 <190>1 2016-04-28T17:53:12.453678+00:00 app web.1 - -   build: '21669447'
123 <190>1 2016-04-28T17:53:12.453679+00:00 app web.1 - -   token: EC-6HN71451UJ3949611
129 <190>1 2016-04-28T17:53:12.453679+00:00 app web.1 - -   Timestamp: '2016-04-28T17:53:12Z'
108 <190>1 2016-04-28T17:53:12.453680+00:00 app web.1 - -   Ack: Success
124 <190>1 2016-04-28T17:53:12.453681+00:00 app web.1 - -   CorrelationID: 117fe5ace1b29
109 <190>1 2016-04-28T17:53:12.453681+00:00 app web.1 - -   Version: '72'
113 <190>1 2016-04-28T17:53:12.453682+00:00 app web.1 - -   Build: '21669447'
123 <190>1 2016-04-28T17:53:12.453682+00:00 app web.1 - -   Token: EC-6HN71451UJ3949611
110 <190>1 2016-04-28T17:53:12.453683+00:00 app web.1 - - message: Success
107 <190>1 2016-04-28T17:53:12.453684+00:00 app web.1 - - success: true
105 <190>1 2016-04-28T17:53:12.453684+00:00 app web.1 - - test: false
109 <190>1 2016-04-28T17:53:12.453685+00:00 app web.1 - - authorization:
113 <190>1 2016-04-28T17:53:12.453685+00:00 app web.1 - - fraud_review: false
106 <190>1 2016-04-28T17:53:12.453686+00:00 app web.1 - - error_code:
113 <190>1 2016-04-28T17:53:12.453687+00:00 app web.1 - - emv_authorization:
105 <190>1 2016-04-28T17:53:12.453687+00:00 app web.1 - - avs_result:
102 <190>1 2016-04-28T17:53:12.453688+00:00 app web.1 - -   code:
105 <190>1 2016-04-28T17:53:12.453688+00:00 app web.1 - -   message:
110 <190>1 2016-04-28T17:53:12.453689+00:00 app web.1 - -   street_match:
110 <190>1 2016-04-28T17:53:12.453689+00:00 app web.1 - -   postal_match:
105 <190>1 2016-04-28T17:53:12.453690+00:00 app web.1 - - cvv_result:
102 <190>1 2016-04-28T17:53:12.453690+00:00 app web.1 - -   code:
105 <190>1 2016-04-28T17:53:12.453691+00:00 app web.1 - -   message:
194 <190>1 2016-04-28T17:53:12.453912+00:00 app web.1 - - Redirected to https://www.paypal.com/cgi-bin/webscr?cmd=_express-checkout&token=EC-6HN71451UJ3949611
145 <190>1 2016-04-28T17:53:12.475790+00:00 app web.1 - - Completed 302 Found in 1025ms (ActiveRecord: 3.1ms)
294 <158>1 2016-04-28T17:53:12.475939+00:00 heroku router - - at=info method=POST path="/test/checkout" host=www.farmerscellar.com request_id=80be3f0b-fd25-4bbf-a609-427b71f6b6a4 fwd="50.46.117.254" dyno=web.1 connect=1ms service=1050ms status=302 bytes=1078
219 <190>1 2016-04-28T17:54:14.406894+00:00 app web.1 - - Started GET "/test/authorize?token=EC-6HN71451UJ3949611&PayerID=GEY4N5HUW88EL" for 50.46.117.254 at 2016-04-28 17:54:14 +0000
140 <190>1 2016-04-28T17:54:14.419068+00:00 app web.1 - - Processing by TestController#authorize as HTML
169 <190>1 2016-04-28T17:54:14.419086+00:00 app web.1 - -   Parameters: {"token"=>"EC-6HN71451UJ3949611", "PayerID"=>"GEY4N5HUW88EL"}
203 <190>1 2016-04-28T17:54:14.423117+00:00 app web.1 - -   [1m[35mUser Load (2.4ms)[0m  SELECT  "users".* FROM "users" WHERE "users"."id" = $1 LIMIT 1  [["id", 1]]
129 <190>1 2016-04-28T17:54:17.046678+00:00 app web.1 - - -------------authorize-------------
146 <190>1 2016-04-28T17:54:17.046690+00:00 app web.1 - - PAYPALDATASTORE[:transaction_id] = 68075085UJ698852U
168 <190>1 2016-04-28T17:54:17.062536+00:00 app web.1 - - response = --- !ruby/object:ActiveMerchant::Billing::PaypalExpressResponse
101 <190>1 2016-04-28T17:54:17.062561+00:00 app web.1 - - params:
129 <190>1 2016-04-28T17:54:17.062562+00:00 app web.1 - -   timestamp: '2016-04-28T17:54:16Z'
108 <190>1 2016-04-28T17:54:17.062563+00:00 app web.1 - -   ack: Success
125 <190>1 2016-04-28T17:54:17.062564+00:00 app web.1 - -   correlation_id: 8760c9ffd75ac
109 <190>1 2016-04-28T17:54:17.062565+00:00 app web.1 - -   version: '72'
113 <190>1 2016-04-28T17:54:17.062565+00:00 app web.1 - -   build: '21669447'
123 <190>1 2016-04-28T17:54:17.062566+00:00 app web.1 - -   token: EC-6HN71451UJ3949611
129 <190>1 2016-04-28T17:54:17.062567+00:00 app web.1 - -   transaction_id: 68075085UJ698852U
119 <190>1 2016-04-28T17:54:17.062567+00:00 app web.1 - -   parent_transaction_id:
108 <190>1 2016-04-28T17:54:17.062568+00:00 app web.1 - -   receipt_id:
130 <190>1 2016-04-28T17:54:17.062569+00:00 app web.1 - -   transaction_type: express-checkout
117 <190>1 2016-04-28T17:54:17.062569+00:00 app web.1 - -   payment_type: instant
132 <190>1 2016-04-28T17:54:17.062570+00:00 app web.1 - -   payment_date: '2016-04-28T17:54:16Z'
117 <190>1 2016-04-28T17:54:17.062571+00:00 app web.1 - -   gross_amount: '40.00'
125 <190>1 2016-04-28T17:54:17.062571+00:00 app web.1 - -   gross_amount_currency_id: USD
114 <190>1 2016-04-28T17:54:17.062572+00:00 app web.1 - -   tax_amount: '0.00'
123 <190>1 2016-04-28T17:54:17.062572+00:00 app web.1 - -   tax_amount_currency_id: USD
111 <190>1 2016-04-28T17:54:17.062573+00:00 app web.1 - -   exchange_rate:
119 <190>1 2016-04-28T17:54:17.062574+00:00 app web.1 - -   payment_status: Pending
125 <190>1 2016-04-28T17:54:17.062575+00:00 app web.1 - -   pending_reason: authorization
113 <190>1 2016-04-28T17:54:17.062575+00:00 app web.1 - -   reason_code: none
128 <190>1 2016-04-28T17:54:17.062576+00:00 app web.1 - -   protection_eligibility: Eligible
176 <190>1 2016-04-28T17:54:17.062583+00:00 app web.1 - -   protection_eligibility_type: ItemNotReceivedEligible,UnauthorizedPaymentEligible
137 <190>1 2016-04-28T17:54:17.062584+00:00 app web.1 - -   secure_merchant_account_id: T4AUZAJ83VC4E
136 <190>1 2016-04-28T17:54:17.062584+00:00 app web.1 - -   success_page_redirect_requested: 'false'
123 <190>1 2016-04-28T17:54:17.062585+00:00 app web.1 - -   Token: EC-6HN71451UJ3949611
108 <190>1 2016-04-28T17:54:17.062585+00:00 app web.1 - -   PaymentInfo:
130 <190>1 2016-04-28T17:54:17.062586+00:00 app web.1 - -     TransactionID: 68075085UJ698852U
119 <190>1 2016-04-28T17:54:17.062586+00:00 app web.1 - -     ParentTransactionID:
109 <190>1 2016-04-28T17:54:17.062587+00:00 app web.1 - -     ReceiptID:
131 <190>1 2016-04-28T17:54:17.062587+00:00 app web.1 - -     TransactionType: express-checkout
118 <190>1 2016-04-28T17:54:17.062588+00:00 app web.1 - -     PaymentType: instant
133 <190>1 2016-04-28T17:54:17.062588+00:00 app web.1 - -     PaymentDate: '2016-04-28T17:54:16Z'
118 <190>1 2016-04-28T17:54:17.062589+00:00 app web.1 - -     GrossAmount: '40.00'
115 <190>1 2016-04-28T17:54:17.062590+00:00 app web.1 - -     TaxAmount: '0.00'
112 <190>1 2016-04-28T17:54:17.062590+00:00 app web.1 - -     ExchangeRate:
120 <190>1 2016-04-28T17:54:17.062591+00:00 app web.1 - -     PaymentStatus: Pending
126 <190>1 2016-04-28T17:54:17.062591+00:00 app web.1 - -     PendingReason: authorization
114 <190>1 2016-04-28T17:54:17.062592+00:00 app web.1 - -     ReasonCode: none
129 <190>1 2016-04-28T17:54:17.062592+00:00 app web.1 - -     ProtectionEligibility: Eligible
176 <190>1 2016-04-28T17:54:17.062593+00:00 app web.1 - -     ProtectionEligibilityType: ItemNotReceivedEligible,UnauthorizedPaymentEligible
112 <190>1 2016-04-28T17:54:17.062594+00:00 app web.1 - -     SellerDetails:
138 <190>1 2016-04-28T17:54:17.062594+00:00 app web.1 - -       SecureMerchantAccountID: T4AUZAJ83VC4E
133 <190>1 2016-04-28T17:54:17.062595+00:00 app web.1 - -   SuccessPageRedirectRequested: 'false'
110 <190>1 2016-04-28T17:54:17.062595+00:00 app web.1 - - message: Success
107 <190>1 2016-04-28T17:54:17.062596+00:00 app web.1 - - success: true
105 <190>1 2016-04-28T17:54:17.062596+00:00 app web.1 - - test: false
126 <190>1 2016-04-28T17:54:17.062597+00:00 app web.1 - - authorization: 68075085UJ698852U
113 <190>1 2016-04-28T17:54:17.062598+00:00 app web.1 - - fraud_review: false
106 <190>1 2016-04-28T17:54:17.062598+00:00 app web.1 - - error_code:
113 <190>1 2016-04-28T17:54:17.062599+00:00 app web.1 - - emv_authorization:
105 <190>1 2016-04-28T17:54:17.062599+00:00 app web.1 - - avs_result:
102 <190>1 2016-04-28T17:54:17.062600+00:00 app web.1 - -   code:
105 <190>1 2016-04-28T17:54:17.062600+00:00 app web.1 - -   message:
110 <190>1 2016-04-28T17:54:17.062601+00:00 app web.1 - -   street_match:
110 <190>1 2016-04-28T17:54:17.062602+00:00 app web.1 - -   postal_match:
105 <190>1 2016-04-28T17:54:17.062602+00:00 app web.1 - - cvv_result:
102 <190>1 2016-04-28T17:54:17.062603+00:00 app web.1 - -   code:
105 <190>1 2016-04-28T17:54:17.062603+00:00 app web.1 - -   message:
162 <190>1 2016-04-28T17:54:17.088618+00:00 app web.1 - -   Rendered test/capture.html.erb within layouts/application (13.8ms)
135 <190>1 2016-04-28T17:54:17.089495+00:00 app web.1 - -   Rendered layouts/_shim.html.erb (0.0ms)
248 <190>1 2016-04-28T17:54:17.092468+00:00 app web.1 - -   [1m[36mAccessCode Load (1.5ms)[0m  [1mSELECT  "access_codes".* FROM "access_codes" WHERE "access_codes"."user_id" = $1 LIMIT 1[0m  [["user_id", 1]]
138 <190>1 2016-04-28T17:54:17.118521+00:00 app web.1 - -   Rendered layouts/_header.html.erb (28.8ms)
137 <190>1 2016-04-28T17:54:17.147329+00:00 app web.1 - -   Rendered layouts/_footer.html.erb (0.5ms)
158 <190>1 2016-04-28T17:54:17.156600+00:00 app web.1 - - Completed 200 OK in 2737ms (Views: 88.3ms | ActiveRecord: 6.3ms)
343 <158>1 2016-04-28T17:54:17.167200+00:00 heroku router - - at=info method=GET path="/test/authorize?token=EC-6HN71451UJ3949611&PayerID=GEY4N5HUW88EL" host=www.farmerscellar.com request_id=162c2c1b-5bcd-465e-a92f-c6b5e132c9fa fwd="50.46.117.254" dyno=web.1 connect=1ms service=2765ms status=200 bytes=4094
169 <190>1 2016-04-28T17:54:51.160434+00:00 app web.1 - - Started POST "/test/capture" for 50.46.117.254 at 2016-04-28 17:54:51 +0000
138 <190>1 2016-04-28T17:54:51.163861+00:00 app web.1 - - Processing by TestController#capture as HTML
274 <190>1 2016-04-28T17:54:51.164065+00:00 app web.1 - -   Parameters: {"utf8"=>"✓", "authenticity_token"=>"cY2JWYRttxDwmO0ZLOzXRQdrNuemitjUuK+6qFvZTdcjVuCI9rPwxEpUz2jFt1qhfxPhmiGj31DOwuA/oiPv9A==", "amount"=>"10", "commit"=>"Capture"}
203 <190>1 2016-04-28T17:54:51.166483+00:00 app web.1 - -   [1m[35mUser Load (1.3ms)[0m  SELECT  "users".* FROM "users" WHERE "users"."id" = $1 LIMIT 1  [["id", 1]]
293 <158>1 2016-04-28T17:54:54.087127+00:00 heroku router - - at=info method=POST path="/test/capture" host=www.farmerscellar.com request_id=1bb4ca20-5f86-47a5-b7cd-add909eed7e6 fwd="50.46.117.254" dyno=web.1 connect=3ms service=2927ms status=200 bytes=4094
129 <190>1 2016-04-28T17:54:54.068413+00:00 app web.1 - - -------------authorize-------------
168 <190>1 2016-04-28T17:54:54.074095+00:00 app web.1 - - response = --- !ruby/object:ActiveMerchant::Billing::PaypalExpressResponse
101 <190>1 2016-04-28T17:54:54.074107+00:00 app web.1 - - params:
129 <190>1 2016-04-28T17:54:54.074108+00:00 app web.1 - -   timestamp: '2016-04-28T17:54:53Z'
108 <190>1 2016-04-28T17:54:54.074109+00:00 app web.1 - -   ack: Success
125 <190>1 2016-04-28T17:54:54.074110+00:00 app web.1 - -   correlation_id: c3c6f9738ff29
109 <190>1 2016-04-28T17:54:54.074111+00:00 app web.1 - -   version: '72'
113 <190>1 2016-04-28T17:54:54.074111+00:00 app web.1 - -   build: '21669447'
131 <190>1 2016-04-28T17:54:54.074112+00:00 app web.1 - -   authorization_id: 68075085UJ698852U
129 <190>1 2016-04-28T17:54:54.074113+00:00 app web.1 - -   transaction_id: 87R61970RM538804A
136 <190>1 2016-04-28T17:54:54.074113+00:00 app web.1 - -   parent_transaction_id: 68075085UJ698852U
108 <190>1 2016-04-28T17:54:54.074114+00:00 app web.1 - -   receipt_id:
130 <190>1 2016-04-28T17:54:54.074115+00:00 app web.1 - -   transaction_type: express-checkout
117 <190>1 2016-04-28T17:54:54.074115+00:00 app web.1 - -   payment_type: instant
132 <190>1 2016-04-28T17:54:54.074116+00:00 app web.1 - -   payment_date: '2016-04-28T17:54:53Z'
117 <190>1 2016-04-28T17:54:54.074117+00:00 app web.1 - -   gross_amount: '10.00'
125 <190>1 2016-04-28T17:54:54.074118+00:00 app web.1 - -   gross_amount_currency_id: USD
114 <190>1 2016-04-28T17:54:54.074118+00:00 app web.1 - -   fee_amount: '0.59'
123 <190>1 2016-04-28T17:54:54.074119+00:00 app web.1 - -   fee_amount_currency_id: USD
114 <190>1 2016-04-28T17:54:54.074119+00:00 app web.1 - -   tax_amount: '0.00'
123 <190>1 2016-04-28T17:54:54.074120+00:00 app web.1 - -   tax_amount_currency_id: USD
111 <190>1 2016-04-28T17:54:54.074121+00:00 app web.1 - -   exchange_rate:
121 <190>1 2016-04-28T17:54:54.074121+00:00 app web.1 - -   payment_status: Completed
116 <190>1 2016-04-28T17:54:54.074122+00:00 app web.1 - -   pending_reason: none
113 <190>1 2016-04-28T17:54:54.074123+00:00 app web.1 - -   reason_code: none
128 <190>1 2016-04-28T17:54:54.074124+00:00 app web.1 - -   protection_eligibility: Eligible
176 <190>1 2016-04-28T17:54:54.074124+00:00 app web.1 - -   protection_eligibility_type: ItemNotReceivedEligible,UnauthorizedPaymentEligible
130 <190>1 2016-04-28T17:54:54.074125+00:00 app web.1 - -   AuthorizationID: 68075085UJ698852U
108 <190>1 2016-04-28T17:54:54.074125+00:00 app web.1 - -   PaymentInfo:
130 <190>1 2016-04-28T17:54:54.074126+00:00 app web.1 - -     TransactionID: 87R61970RM538804A
136 <190>1 2016-04-28T17:54:54.074126+00:00 app web.1 - -     ParentTransactionID: 68075085UJ698852U
109 <190>1 2016-04-28T17:54:54.074127+00:00 app web.1 - -     ReceiptID:
131 <190>1 2016-04-28T17:54:54.074127+00:00 app web.1 - -     TransactionType: express-checkout
118 <190>1 2016-04-28T17:54:54.074128+00:00 app web.1 - -     PaymentType: instant
133 <190>1 2016-04-28T17:54:54.074128+00:00 app web.1 - -     PaymentDate: '2016-04-28T17:54:53Z'
118 <190>1 2016-04-28T17:54:54.074128+00:00 app web.1 - -     GrossAmount: '10.00'
115 <190>1 2016-04-28T17:54:54.074129+00:00 app web.1 - -     FeeAmount: '0.59'
115 <190>1 2016-04-28T17:54:54.074129+00:00 app web.1 - -     TaxAmount: '0.00'
112 <190>1 2016-04-28T17:54:54.074130+00:00 app web.1 - -     ExchangeRate:
122 <190>1 2016-04-28T17:54:54.074143+00:00 app web.1 - -     PaymentStatus: Completed
117 <190>1 2016-04-28T17:54:54.074144+00:00 app web.1 - -     PendingReason: none
114 <190>1 2016-04-28T17:54:54.074145+00:00 app web.1 - -     ReasonCode: none
129 <190>1 2016-04-28T17:54:54.074145+00:00 app web.1 - -     ProtectionEligibility: Eligible
176 <190>1 2016-04-28T17:54:54.074146+00:00 app web.1 - -     ProtectionEligibilityType: ItemNotReceivedEligible,UnauthorizedPaymentEligible
110 <190>1 2016-04-28T17:54:54.074147+00:00 app web.1 - - message: Success
107 <190>1 2016-04-28T17:54:54.074147+00:00 app web.1 - - success: true
105 <190>1 2016-04-28T17:54:54.074148+00:00 app web.1 - - test: false
126 <190>1 2016-04-28T17:54:54.074149+00:00 app web.1 - - authorization: 87R61970RM538804A
113 <190>1 2016-04-28T17:54:54.074149+00:00 app web.1 - - fraud_review: false
106 <190>1 2016-04-28T17:54:54.074149+00:00 app web.1 - - error_code:
113 <190>1 2016-04-28T17:54:54.074150+00:00 app web.1 - - emv_authorization:
105 <190>1 2016-04-28T17:54:54.074150+00:00 app web.1 - - avs_result:
102 <190>1 2016-04-28T17:54:54.074150+00:00 app web.1 - -   code:
105 <190>1 2016-04-28T17:54:54.074151+00:00 app web.1 - -   message:
110 <190>1 2016-04-28T17:54:54.074151+00:00 app web.1 - -   street_match:
110 <190>1 2016-04-28T17:54:54.074151+00:00 app web.1 - -   postal_match:
105 <190>1 2016-04-28T17:54:54.074152+00:00 app web.1 - - cvv_result:
102 <190>1 2016-04-28T17:54:54.074152+00:00 app web.1 - -   code:
105 <190>1 2016-04-28T17:54:54.074152+00:00 app web.1 - -   message:
161 <190>1 2016-04-28T17:54:54.075493+00:00 app web.1 - -   Rendered test/capture.html.erb within layouts/application (0.7ms)
135 <190>1 2016-04-28T17:54:54.076490+00:00 app web.1 - -   Rendered layouts/_shim.html.erb (0.1ms)
248 <190>1 2016-04-28T17:54:54.078892+00:00 app web.1 - -   [1m[36mAccessCode Load (1.4ms)[0m  [1mSELECT  "access_codes".* FROM "access_codes" WHERE "access_codes"."user_id" = $1 LIMIT 1[0m  [["user_id", 1]]
137 <190>1 2016-04-28T17:54:54.079845+00:00 app web.1 - -   Rendered layouts/_header.html.erb (3.4ms)
137 <190>1 2016-04-28T17:54:54.080472+00:00 app web.1 - -   Rendered layouts/_footer.html.erb (0.4ms)
157 <190>1 2016-04-28T17:54:54.080707+00:00 app web.1 - - Completed 200 OK in 2916ms (Views: 4.9ms | ActiveRecord: 2.8ms)
280 <158>1 2016-04-28T17:55:47.891549+00:00 heroku router - - at=info method=GET path="/test" host=www.farmerscellar.com request_id=6a766e37-1ced-42ed-9846-84a3a2830f69 fwd="207.46.13.188" dyno=web.1 connect=1ms service=5ms status=301 bytes=157
169 <190>1 2016-04-28T17:56:06.260263+00:00 app web.1 - - Started POST "/test/capture" for 50.46.117.254 at 2016-04-28 17:56:06 +0000
138 <190>1 2016-04-28T17:56:06.263969+00:00 app web.1 - - Processing by TestController#capture as HTML
274 <190>1 2016-04-28T17:56:06.264027+00:00 app web.1 - -   Parameters: {"utf8"=>"✓", "authenticity_token"=>"4GZeB2amvKvI6VFVgpboL68S2xC8FCMsVRHX+/1NPu2yvTfWFHj7f3IlcyRrzWXL12oMbTs9JKgjfI1sBLeczg==", "amount"=>"10", "commit"=>"Capture"}
203 <190>1 2016-04-28T17:56:06.267775+00:00 app web.1 - -   [1m[35mUser Load (1.4ms)[0m  SELECT  "users".* FROM "users" WHERE "users"."id" = $1 LIMIT 1  [["id", 1]]
129 <190>1 2016-04-28T17:56:09.194947+00:00 app web.1 - - -------------authorize-------------
168 <190>1 2016-04-28T17:56:09.202571+00:00 app web.1 - - response = --- !ruby/object:ActiveMerchant::Billing::PaypalExpressResponse
101 <190>1 2016-04-28T17:56:09.202588+00:00 app web.1 - - params:
129 <190>1 2016-04-28T17:56:09.202589+00:00 app web.1 - -   timestamp: '2016-04-28T17:56:09Z'
108 <190>1 2016-04-28T17:56:09.202590+00:00 app web.1 - -   ack: Success
125 <190>1 2016-04-28T17:56:09.202591+00:00 app web.1 - -   correlation_id: 686a6589ab7e1
109 <190>1 2016-04-28T17:56:09.202592+00:00 app web.1 - -   version: '72'
113 <190>1 2016-04-28T17:56:09.202593+00:00 app web.1 - -   build: '21669447'
131 <190>1 2016-04-28T17:56:09.202593+00:00 app web.1 - -   authorization_id: 68075085UJ698852U
129 <190>1 2016-04-28T17:56:09.202594+00:00 app web.1 - -   transaction_id: 06023722CL220703F
136 <190>1 2016-04-28T17:56:09.202595+00:00 app web.1 - -   parent_transaction_id: 68075085UJ698852U
108 <190>1 2016-04-28T17:56:09.202595+00:00 app web.1 - -   receipt_id:
130 <190>1 2016-04-28T17:56:09.202596+00:00 app web.1 - -   transaction_type: express-checkout
117 <190>1 2016-04-28T17:56:09.202597+00:00 app web.1 - -   payment_type: instant
132 <190>1 2016-04-28T17:56:09.202597+00:00 app web.1 - -   payment_date: '2016-04-28T17:56:08Z'
117 <190>1 2016-04-28T17:56:09.202598+00:00 app web.1 - -   gross_amount: '10.00'
125 <190>1 2016-04-28T17:56:09.202598+00:00 app web.1 - -   gross_amount_currency_id: USD
114 <190>1 2016-04-28T17:56:09.202599+00:00 app web.1 - -   fee_amount: '0.59'
123 <190>1 2016-04-28T17:56:09.202599+00:00 app web.1 - -   fee_amount_currency_id: USD
114 <190>1 2016-04-28T17:56:09.202600+00:00 app web.1 - -   tax_amount: '0.00'
123 <190>1 2016-04-28T17:56:09.202601+00:00 app web.1 - -   tax_amount_currency_id: USD
111 <190>1 2016-04-28T17:56:09.202601+00:00 app web.1 - -   exchange_rate:
121 <190>1 2016-04-28T17:56:09.202602+00:00 app web.1 - -   payment_status: Completed
116 <190>1 2016-04-28T17:56:09.202602+00:00 app web.1 - -   pending_reason: none
113 <190>1 2016-04-28T17:56:09.202603+00:00 app web.1 - -   reason_code: none
128 <190>1 2016-04-28T17:56:09.202603+00:00 app web.1 - -   protection_eligibility: Eligible
176 <190>1 2016-04-28T17:56:09.202604+00:00 app web.1 - -   protection_eligibility_type: ItemNotReceivedEligible,UnauthorizedPaymentEligible
130 <190>1 2016-04-28T17:56:09.202605+00:00 app web.1 - -   AuthorizationID: 68075085UJ698852U
108 <190>1 2016-04-28T17:56:09.202606+00:00 app web.1 - -   PaymentInfo:
130 <190>1 2016-04-28T17:56:09.202606+00:00 app web.1 - -     TransactionID: 06023722CL220703F
136 <190>1 2016-04-28T17:56:09.202607+00:00 app web.1 - -     ParentTransactionID: 68075085UJ698852U
109 <190>1 2016-04-28T17:56:09.202607+00:00 app web.1 - -     ReceiptID:
131 <190>1 2016-04-28T17:56:09.202608+00:00 app web.1 - -     TransactionType: express-checkout
118 <190>1 2016-04-28T17:56:09.202609+00:00 app web.1 - -     PaymentType: instant
133 <190>1 2016-04-28T17:56:09.202609+00:00 app web.1 - -     PaymentDate: '2016-04-28T17:56:08Z'
118 <190>1 2016-04-28T17:56:09.202610+00:00 app web.1 - -     GrossAmount: '10.00'
115 <190>1 2016-04-28T17:56:09.202611+00:00 app web.1 - -     FeeAmount: '0.59'
115 <190>1 2016-04-28T17:56:09.202611+00:00 app web.1 - -     TaxAmount: '0.00'
112 <190>1 2016-04-28T17:56:09.202612+00:00 app web.1 - -     ExchangeRate:
122 <190>1 2016-04-28T17:56:09.202612+00:00 app web.1 - -     PaymentStatus: Completed
117 <190>1 2016-04-28T17:56:09.202613+00:00 app web.1 - -     PendingReason: none
114 <190>1 2016-04-28T17:56:09.202613+00:00 app web.1 - -     ReasonCode: none
129 <190>1 2016-04-28T17:56:09.202614+00:00 app web.1 - -     ProtectionEligibility: Eligible
176 <190>1 2016-04-28T17:56:09.202615+00:00 app web.1 - -     ProtectionEligibilityType: ItemNotReceivedEligible,UnauthorizedPaymentEligible
110 <190>1 2016-04-28T17:56:09.202616+00:00 app web.1 - - message: Success
107 <190>1 2016-04-28T17:56:09.202616+00:00 app web.1 - - success: true
105 <190>1 2016-04-28T17:56:09.202617+00:00 app web.1 - - test: false
126 <190>1 2016-04-28T17:56:09.202617+00:00 app web.1 - - authorization: 06023722CL220703F
113 <190>1 2016-04-28T17:56:09.202618+00:00 app web.1 - - fraud_review: false
106 <190>1 2016-04-28T17:56:09.202618+00:00 app web.1 - - error_code:
113 <190>1 2016-04-28T17:56:09.202619+00:00 app web.1 - - emv_authorization:
105 <190>1 2016-04-28T17:56:09.202620+00:00 app web.1 - - avs_result:
102 <190>1 2016-04-28T17:56:09.202620+00:00 app web.1 - -   code:
105 <190>1 2016-04-28T17:56:09.202621+00:00 app web.1 - -   message:
110 <190>1 2016-04-28T17:56:09.202622+00:00 app web.1 - -   street_match:
110 <190>1 2016-04-28T17:56:09.202629+00:00 app web.1 - -   postal_match:
105 <190>1 2016-04-28T17:56:09.202629+00:00 app web.1 - - cvv_result:
102 <190>1 2016-04-28T17:56:09.202630+00:00 app web.1 - -   code:
105 <190>1 2016-04-28T17:56:09.202630+00:00 app web.1 - -   message:
161 <190>1 2016-04-28T17:56:09.204132+00:00 app web.1 - -   Rendered test/capture.html.erb within layouts/application (0.8ms)
135 <190>1 2016-04-28T17:56:09.205128+00:00 app web.1 - -   Rendered layouts/_shim.html.erb (0.1ms)
248 <190>1 2016-04-28T17:56:09.209110+00:00 app web.1 - -   [1m[36mAccessCode Load (1.7ms)[0m  [1mSELECT  "access_codes".* FROM "access_codes" WHERE "access_codes"."user_id" = $1 LIMIT 1[0m  [["user_id", 1]]
137 <190>1 2016-04-28T17:56:09.210374+00:00 app web.1 - -   Rendered layouts/_header.html.erb (5.0ms)
137 <190>1 2016-04-28T17:56:09.211343+00:00 app web.1 - -   Rendered layouts/_footer.html.erb (0.6ms)
157 <190>1 2016-04-28T17:56:09.212120+00:00 app web.1 - - Completed 200 OK in 2948ms (Views: 7.4ms | ActiveRecord: 3.0ms)
293 <158>1 2016-04-28T17:56:09.216557+00:00 heroku router - - at=info method=POST path="/test/capture" host=www.farmerscellar.com request_id=ece6e449-e3f3-44fe-9019-f59e0824c4bd fwd="50.46.117.254" dyno=web.1 connect=0ms service=2967ms status=200 bytes=4094
169 <190>1 2016-04-28T17:56:40.106495+00:00 app web.1 - - Started POST "/test/capture" for 50.46.117.254 at 2016-04-28 17:56:40 +0000
138 <190>1 2016-04-28T17:56:40.110479+00:00 app web.1 - - Processing by TestController#capture as HTML
274 <190>1 2016-04-28T17:56:40.110532+00:00 app web.1 - -   Parameters: {"utf8"=>"✓", "authenticity_token"=>"/+vTmLPZhCMONI8kiJZ8bYP1lIGQ6wKwrXLJAVDuohmtMLpJwQfD97T4rVVhzfGJ+41D/BfCBTTbH5OWqRQAOg==", "amount"=>"20", "commit"=>"Capture"}
211 <190>1 2016-04-28T17:56:40.113921+00:00 app web.1 - -   [1m[36mUser Load (1.2ms)[0m  [1mSELECT  "users".* FROM "users" WHERE "users"."id" = $1 LIMIT 1[0m  [["id", 1]]
129 <190>1 2016-04-28T17:56:40.684732+00:00 app web.1 - - -------------authorize-------------
168 <190>1 2016-04-28T17:56:40.735734+00:00 app web.1 - - response = --- !ruby/object:ActiveMerchant::Billing::PaypalExpressResponse
101 <190>1 2016-04-28T17:56:40.735754+00:00 app web.1 - - params:
129 <190>1 2016-04-28T17:56:40.735755+00:00 app web.1 - -   timestamp: '2016-04-28T17:56:40Z'
108 <190>1 2016-04-28T17:56:40.735756+00:00 app web.1 - -   ack: Failure
125 <190>1 2016-04-28T17:56:40.735757+00:00 app web.1 - -   correlation_id: 529bd3a17259c
109 <190>1 2016-04-28T17:56:40.735758+00:00 app web.1 - -   version: '72'
113 <190>1 2016-04-28T17:56:40.735758+00:00 app web.1 - -   build: '21669447'
118 <190>1 2016-04-28T17:56:40.735759+00:00 app web.1 - -   transaction_type: none
114 <190>1 2016-04-28T17:56:40.735760+00:00 app web.1 - -   payment_type: none
116 <190>1 2016-04-28T17:56:40.735760+00:00 app web.1 - -   payment_status: None
116 <190>1 2016-04-28T17:56:40.735761+00:00 app web.1 - -   pending_reason: none
113 <190>1 2016-04-28T17:56:40.735761+00:00 app web.1 - -   reason_code: none
151 <190>1 2016-04-28T17:56:40.735762+00:00 app web.1 - -   message: 'AuthorizationID : Required parameter missing'
116 <190>1 2016-04-28T17:56:40.735763+00:00 app web.1 - -   error_codes: '81128'
108 <190>1 2016-04-28T17:56:40.735763+00:00 app web.1 - -   PaymentInfo:
119 <190>1 2016-04-28T17:56:40.735764+00:00 app web.1 - -     TransactionType: none
115 <190>1 2016-04-28T17:56:40.735764+00:00 app web.1 - -     PaymentType: none
117 <190>1 2016-04-28T17:56:40.735765+00:00 app web.1 - -     PaymentStatus: None
117 <190>1 2016-04-28T17:56:40.735766+00:00 app web.1 - -     PendingReason: none
114 <190>1 2016-04-28T17:56:40.735766+00:00 app web.1 - -     ReasonCode: none
149 <190>1 2016-04-28T17:56:40.735767+00:00 app web.1 - - message: 'AuthorizationID : Required parameter missing'
108 <190>1 2016-04-28T17:56:40.735767+00:00 app web.1 - - success: false
105 <190>1 2016-04-28T17:56:40.735768+00:00 app web.1 - - test: false
109 <190>1 2016-04-28T17:56:40.735768+00:00 app web.1 - - authorization:
113 <190>1 2016-04-28T17:56:40.735769+00:00 app web.1 - - fraud_review: false
106 <190>1 2016-04-28T17:56:40.735769+00:00 app web.1 - - error_code:
113 <190>1 2016-04-28T17:56:40.735770+00:00 app web.1 - - emv_authorization:
105 <190>1 2016-04-28T17:56:40.735770+00:00 app web.1 - - avs_result:
102 <190>1 2016-04-28T17:56:40.735773+00:00 app web.1 - -   code:
105 <190>1 2016-04-28T17:56:40.735774+00:00 app web.1 - -   message:
110 <190>1 2016-04-28T17:56:40.735774+00:00 app web.1 - -   street_match:
110 <190>1 2016-04-28T17:56:40.735775+00:00 app web.1 - -   postal_match:
105 <190>1 2016-04-28T17:56:40.735775+00:00 app web.1 - - cvv_result:
102 <190>1 2016-04-28T17:56:40.735776+00:00 app web.1 - -   code:
105 <190>1 2016-04-28T17:56:40.735777+00:00 app web.1 - -   message:
161 <190>1 2016-04-28T17:56:40.740923+00:00 app web.1 - -   Rendered test/capture.html.erb within layouts/application (1.2ms)
135 <190>1 2016-04-28T17:56:40.741675+00:00 app web.1 - -   Rendered layouts/_shim.html.erb (0.1ms)
240 <190>1 2016-04-28T17:56:40.744460+00:00 app web.1 - -   [1m[35mAccessCode Load (1.6ms)[0m  SELECT  "access_codes".* FROM "access_codes" WHERE "access_codes"."user_id" = $1 LIMIT 1  [["user_id", 1]]
137 <190>1 2016-04-28T17:56:40.745693+00:00 app web.1 - -   Rendered layouts/_header.html.erb (3.8ms)
137 <190>1 2016-04-28T17:56:40.746554+00:00 app web.1 - -   Rendered layouts/_footer.html.erb (0.5ms)
156 <190>1 2016-04-28T17:56:40.746922+00:00 app web.1 - - Completed 200 OK in 636ms (Views: 9.3ms | ActiveRecord: 2.8ms)
292 <158>1 2016-04-28T17:56:40.751769+00:00 heroku router - - at=info method=POST path="/test/capture" host=www.farmerscellar.com request_id=72408f59-45b6-4b31-9028-f808747a00bb fwd="50.46.117.254" dyno=web.1 connect=0ms service=652ms status=200 bytes=4094
