167 <190>1 2016-04-28T18:11:36.358026+00:00 app web.1 - - Started GET "/pickups/new" for 50.46.117.254 at 2016-04-28 18:11:36 +0000
137 <190>1 2016-04-28T18:11:36.362837+00:00 app web.1 - - Processing by PickupsController#new as HTML
204 <190>1 2016-04-28T18:11:36.367505+00:00 app web.1 - -   [1m[35mUser Load (3.6ms)[0m  SELECT  "users".* FROM "users" WHERE "users"."id" = $1 LIMIT 1  [["id", 96]]
160 <190>1 2016-04-28T18:11:36.369944+00:00 app web.1 - -   Rendered pickups/new.html.erb within layouts/application (0.9ms)
135 <190>1 2016-04-28T18:11:36.371021+00:00 app web.1 - -   Rendered layouts/_shim.html.erb (0.1ms)
249 <190>1 2016-04-28T18:11:36.373628+00:00 app web.1 - -   [1m[36mAccessCode Load (1.3ms)[0m  [1mSELECT  "access_codes".* FROM "access_codes" WHERE "access_codes"."user_id" = $1 LIMIT 1[0m  [["user_id", 96]]
237 <190>1 2016-04-28T18:11:36.379113+00:00 app web.1 - -   [1m[35mWebsiteSetting Load (4.6ms)[0m  SELECT  "website_settings".* FROM "website_settings"  ORDER BY "website_settings"."id" DESC LIMIT 1
231 <190>1 2016-04-28T18:11:36.464949+00:00 app web.1 - -   [1m[36mCACHE (0.0ms)[0m  [1mSELECT  "website_settings".* FROM "website_settings"  ORDER BY "website_settings"."id" DESC LIMIT 1[0m
138 <190>1 2016-04-28T18:11:36.466106+00:00 app web.1 - -   Rendered layouts/_header.html.erb (94.9ms)
137 <190>1 2016-04-28T18:11:36.468287+00:00 app web.1 - -   Rendered layouts/_footer.html.erb (1.1ms)
157 <190>1 2016-04-28T18:11:36.469100+00:00 app web.1 - - Completed 200 OK in 106ms (Views: 94.2ms | ActiveRecord: 9.5ms)
290 <158>1 2016-04-28T18:11:36.495870+00:00 heroku router - - at=info method=GET path="/pickups/new" host=www.farmerscellar.com request_id=a4f9f499-c77a-45f9-a0cf-0f68dd202ec9 fwd="50.46.117.254" dyno=web.1 connect=1ms service=120ms status=200 bytes=4072
333 <158>1 2016-04-28T18:11:36.662944+00:00 heroku router - - at=info method=GET path="/assets/application-e22100037e3b58edf1f4956b42a0dbf7.css" host=www.farmerscellar.com request_id=6d28580e-04ac-4f3c-bc9b-124b07bd4f2b fwd="50.46.117.254" dyno=web.1 connect=1ms service=4ms status=200 bytes=22168
332 <158>1 2016-04-28T18:11:36.834435+00:00 heroku router - - at=info method=GET path="/assets/application-6705dc7e15b628d4df560d8f9ef7a8af.js" host=www.farmerscellar.com request_id=0f83c737-2e56-40b3-85f0-3d41be1b40d9 fwd="50.46.117.254" dyno=web.1 connect=1ms service=8ms status=200 bytes=65541
288 <158>1 2016-04-28T18:11:38.770992+00:00 heroku router - - at=info method=GET path="/favicon.ico" host=www.farmerscellar.com request_id=d949a7cd-e9e9-440e-b604-31942a0e55c7 fwd="50.46.117.254" dyno=web.1 connect=3ms service=13ms status=200 bytes=188
129 <190>1 2016-04-28T18:13:10.532017+00:00 heroku slug-compiler - - Slug compilation started
136 <45>1 2016-04-28T18:13:10.266195+00:00 heroku api - - Deploy a38f0aa by davideltonhall@gmail.com
130 <190>1 2016-04-28T18:13:10.532022+00:00 heroku slug-compiler - - Slug compilation finished
142 <45>1 2016-04-28T18:13:10.266195+00:00 heroku api - - Release v105 created by davideltonhall@gmail.com
106 <45>1 2016-04-28T18:13:10.912392+00:00 heroku web.1 - - Restarting
129 <45>1 2016-04-28T18:13:10.913026+00:00 heroku web.1 - - State changed from up to starting
162 <45>1 2016-04-28T18:13:13.898397+00:00 heroku web.1 - - Starting process with command `bundle exec puma -C config/puma.rb`
131 <45>1 2016-04-28T18:13:14.990707+00:00 heroku web.1 - - Stopping all processes with SIGTERM
135 <190>1 2016-04-28T18:13:16.065299+00:00 app web.1 - - [3] - Gracefully shutting down workers...
146 <190>1 2016-04-28T18:13:16.273471+00:00 app web.1 - - [3] === puma shutdown: 2016-04-28 18:13:16 +0000 ===
108 <190>1 2016-04-28T18:13:16.273483+00:00 app web.1 - - [3] - Goodbye!
130 <190>1 2016-04-28T18:13:17.476718+00:00 app web.1 - - [3] Puma starting in cluster mode...
160 <190>1 2016-04-28T18:13:17.476739+00:00 app web.1 - - [3] * Version 2.11.1 (ruby 2.2.2-p95), codename: Intrepid Squirrel
130 <190>1 2016-04-28T18:13:17.476739+00:00 app web.1 - - [3] * Min threads: 5, max threads: 5
123 <190>1 2016-04-28T18:13:17.476740+00:00 app web.1 - - [3] * Environment: production
118 <190>1 2016-04-28T18:13:17.476742+00:00 app web.1 - - [3] * Process workers: 2
122 <190>1 2016-04-28T18:13:17.476761+00:00 app web.1 - - [3] * Preloading application
124 <45>1 2016-04-28T18:13:17.639951+00:00 heroku web.1 - - Process exited with status 0
252 <190>1 2016-04-28T18:13:20.740810+00:00 app web.1 - -   [1m[36mAccountState Load (1.4ms)[0m  [1mSELECT  "account_states".* FROM "account_states" WHERE "account_states"."state" = $1 LIMIT 1[0m  [["state", 0]]
244 <190>1 2016-04-28T18:13:20.777292+00:00 app web.1 - -   [1m[35mAccountState Load (6.4ms)[0m  SELECT  "account_states".* FROM "account_states" WHERE "account_states"."state" = $1 LIMIT 1  [["state", 1]]
132 <190>1 2016-04-28T18:13:20.978555+00:00 app web.1 - - [3] * Listening on tcp://0.0.0.0:51732
116 <190>1 2016-04-28T18:13:20.978749+00:00 app web.1 - - [3] Use Ctrl-C to stop
134 <190>1 2016-04-28T18:13:20.988445+00:00 app web.1 - - [3] - Worker 0 (pid: 6) booted, phase: 0
134 <190>1 2016-04-28T18:13:20.991292+00:00 app web.1 - - [3] - Worker 1 (pid: 8) booted, phase: 0
129 <45>1 2016-04-28T18:13:21.079752+00:00 heroku web.1 - - State changed from starting to up
169 <190>1 2016-04-28T18:13:42.988382+00:00 app web.1 - - Started POST "/test/capture" for 50.46.117.254 at 2016-04-28 18:13:42 +0000
138 <190>1 2016-04-28T18:13:43.203217+00:00 app web.1 - - Processing by TestController#capture as HTML
273 <190>1 2016-04-28T18:13:43.203271+00:00 app web.1 - -   Parameters: {"utf8"=>"✓", "authenticity_token"=>"dDdoucFK6xOpxuIel1bo1Qm7uZmv7MyUxWqPtiDum3Mm7AFos5SsxxMKwG9+DWUxccNu5CjFyxCzB9Uh2RQ5UA==", "amount"=>"5", "commit"=>"Capture"}
211 <190>1 2016-04-28T18:13:43.249514+00:00 app web.1 - -   [1m[36mUser Load (3.7ms)[0m  [1mSELECT  "users".* FROM "users" WHERE "users"."id" = $1 LIMIT 1[0m  [["id", 1]]
127 <190>1 2016-04-28T18:13:43.353492+00:00 app web.1 - - -------------capture-------------
146 <190>1 2016-04-28T18:13:43.353507+00:00 app web.1 - - PAYPALDATASTORE[:transaction_id] = 68075085UJ698852U
168 <190>1 2016-04-28T18:13:46.511759+00:00 app web.1 - - response = --- !ruby/object:ActiveMerchant::Billing::PaypalExpressResponse
101 <190>1 2016-04-28T18:13:46.511773+00:00 app web.1 - - params:
129 <190>1 2016-04-28T18:13:46.511774+00:00 app web.1 - -   timestamp: '2016-04-28T18:13:46Z'
108 <190>1 2016-04-28T18:13:46.511775+00:00 app web.1 - -   ack: Success
125 <190>1 2016-04-28T18:13:46.511776+00:00 app web.1 - -   correlation_id: 37670bf5c1b72
109 <190>1 2016-04-28T18:13:46.511777+00:00 app web.1 - -   version: '72'
113 <190>1 2016-04-28T18:13:46.511777+00:00 app web.1 - -   build: '21669447'
131 <190>1 2016-04-28T18:13:46.511778+00:00 app web.1 - -   authorization_id: 68075085UJ698852U
129 <190>1 2016-04-28T18:13:46.511779+00:00 app web.1 - -   transaction_id: 79H404952A995392T
136 <190>1 2016-04-28T18:13:46.511779+00:00 app web.1 - -   parent_transaction_id: 68075085UJ698852U
108 <190>1 2016-04-28T18:13:46.511780+00:00 app web.1 - -   receipt_id:
130 <190>1 2016-04-28T18:13:46.511780+00:00 app web.1 - -   transaction_type: express-checkout
117 <190>1 2016-04-28T18:13:46.511781+00:00 app web.1 - -   payment_type: instant
132 <190>1 2016-04-28T18:13:46.511782+00:00 app web.1 - -   payment_date: '2016-04-28T18:13:45Z'
116 <190>1 2016-04-28T18:13:46.511782+00:00 app web.1 - -   gross_amount: '5.00'
125 <190>1 2016-04-28T18:13:46.511783+00:00 app web.1 - -   gross_amount_currency_id: USD
114 <190>1 2016-04-28T18:13:46.511783+00:00 app web.1 - -   fee_amount: '0.45'
123 <190>1 2016-04-28T18:13:46.511784+00:00 app web.1 - -   fee_amount_currency_id: USD
114 <190>1 2016-04-28T18:13:46.511785+00:00 app web.1 - -   tax_amount: '0.00'
123 <190>1 2016-04-28T18:13:46.511785+00:00 app web.1 - -   tax_amount_currency_id: USD
111 <190>1 2016-04-28T18:13:46.511786+00:00 app web.1 - -   exchange_rate:
121 <190>1 2016-04-28T18:13:46.511786+00:00 app web.1 - -   payment_status: Completed
116 <190>1 2016-04-28T18:13:46.511787+00:00 app web.1 - -   pending_reason: none
113 <190>1 2016-04-28T18:13:46.511787+00:00 app web.1 - -   reason_code: none
128 <190>1 2016-04-28T18:13:46.511788+00:00 app web.1 - -   protection_eligibility: Eligible
176 <190>1 2016-04-28T18:13:46.511790+00:00 app web.1 - -   protection_eligibility_type: ItemNotReceivedEligible,UnauthorizedPaymentEligible
130 <190>1 2016-04-28T18:13:46.511790+00:00 app web.1 - -   AuthorizationID: 68075085UJ698852U
108 <190>1 2016-04-28T18:13:46.511791+00:00 app web.1 - -   PaymentInfo:
130 <190>1 2016-04-28T18:13:46.511791+00:00 app web.1 - -     TransactionID: 79H404952A995392T
136 <190>1 2016-04-28T18:13:46.511792+00:00 app web.1 - -     ParentTransactionID: 68075085UJ698852U
109 <190>1 2016-04-28T18:13:46.511793+00:00 app web.1 - -     ReceiptID:
131 <190>1 2016-04-28T18:13:46.511793+00:00 app web.1 - -     TransactionType: express-checkout
118 <190>1 2016-04-28T18:13:46.511794+00:00 app web.1 - -     PaymentType: instant
133 <190>1 2016-04-28T18:13:46.511795+00:00 app web.1 - -     PaymentDate: '2016-04-28T18:13:45Z'
117 <190>1 2016-04-28T18:13:46.511795+00:00 app web.1 - -     GrossAmount: '5.00'
115 <190>1 2016-04-28T18:13:46.511796+00:00 app web.1 - -     FeeAmount: '0.45'
115 <190>1 2016-04-28T18:13:46.511797+00:00 app web.1 - -     TaxAmount: '0.00'
112 <190>1 2016-04-28T18:13:46.511797+00:00 app web.1 - -     ExchangeRate:
122 <190>1 2016-04-28T18:13:46.511798+00:00 app web.1 - -     PaymentStatus: Completed
117 <190>1 2016-04-28T18:13:46.511798+00:00 app web.1 - -     PendingReason: none
114 <190>1 2016-04-28T18:13:46.511799+00:00 app web.1 - -     ReasonCode: none
129 <190>1 2016-04-28T18:13:46.511800+00:00 app web.1 - -     ProtectionEligibility: Eligible
176 <190>1 2016-04-28T18:13:46.511800+00:00 app web.1 - -     ProtectionEligibilityType: ItemNotReceivedEligible,UnauthorizedPaymentEligible
110 <190>1 2016-04-28T18:13:46.511801+00:00 app web.1 - - message: Success
107 <190>1 2016-04-28T18:13:46.511802+00:00 app web.1 - - success: true
105 <190>1 2016-04-28T18:13:46.511803+00:00 app web.1 - - test: false
126 <190>1 2016-04-28T18:13:46.511803+00:00 app web.1 - - authorization: 79H404952A995392T
113 <190>1 2016-04-28T18:13:46.511804+00:00 app web.1 - - fraud_review: false
106 <190>1 2016-04-28T18:13:46.511804+00:00 app web.1 - - error_code:
113 <190>1 2016-04-28T18:13:46.511805+00:00 app web.1 - - emv_authorization:
105 <190>1 2016-04-28T18:13:46.511806+00:00 app web.1 - - avs_result:
102 <190>1 2016-04-28T18:13:46.511806+00:00 app web.1 - -   code:
105 <190>1 2016-04-28T18:13:46.511807+00:00 app web.1 - -   message:
110 <190>1 2016-04-28T18:13:46.511807+00:00 app web.1 - -   street_match:
110 <190>1 2016-04-28T18:13:46.511808+00:00 app web.1 - -   postal_match:
105 <190>1 2016-04-28T18:13:46.511808+00:00 app web.1 - - cvv_result:
102 <190>1 2016-04-28T18:13:46.511809+00:00 app web.1 - -   code:
105 <190>1 2016-04-28T18:13:46.511810+00:00 app web.1 - -   message:
161 <190>1 2016-04-28T18:13:46.523878+00:00 app web.1 - -   Rendered test/capture.html.erb within layouts/application (4.0ms)
135 <190>1 2016-04-28T18:13:46.526965+00:00 app web.1 - -   Rendered layouts/_shim.html.erb (0.2ms)
240 <190>1 2016-04-28T18:13:46.565578+00:00 app web.1 - -   [1m[35mAccessCode Load (6.0ms)[0m  SELECT  "access_codes".* FROM "access_codes" WHERE "access_codes"."user_id" = $1 LIMIT 1  [["user_id", 1]]
139 <190>1 2016-04-28T18:13:46.633990+00:00 app web.1 - -   Rendered layouts/_header.html.erb (106.5ms)
138 <190>1 2016-04-28T18:13:46.645140+00:00 app web.1 - -   Rendered layouts/_footer.html.erb (10.2ms)
160 <190>1 2016-04-28T18:13:46.645447+00:00 app web.1 - - Completed 200 OK in 3442ms (Views: 115.7ms | ActiveRecord: 43.5ms)
293 <158>1 2016-04-28T18:13:46.669534+00:00 heroku router - - at=info method=POST path="/test/capture" host=www.farmerscellar.com request_id=1b17d8e5-da47-4d34-9eb3-c4099e7c5899 fwd="50.46.117.254" dyno=web.1 connect=0ms service=3716ms status=200 bytes=4094
169 <190>1 2016-04-28T18:14:27.859530+00:00 app web.1 - - Started POST "/test/capture" for 50.46.117.254 at 2016-04-28 18:14:27 +0000
138 <190>1 2016-04-28T18:14:28.018642+00:00 app web.1 - - Processing by TestController#capture as HTML
274 <190>1 2016-04-28T18:14:28.018990+00:00 app web.1 - -   Parameters: {"utf8"=>"✓", "authenticity_token"=>"bp762Mj6y/ho1NJOe4dwoJi8TnQ9oe2N6MPbAUdOQU88RZMJuiSMLNIY8D+S3P1E4MSZCbqI6gmeroGWvrTjbA==", "amount"=>"15", "commit"=>"Capture"}
211 <190>1 2016-04-28T18:14:28.067388+00:00 app web.1 - -   [1m[36mUser Load (3.9ms)[0m  [1mSELECT  "users".* FROM "users" WHERE "users"."id" = $1 LIMIT 1[0m  [["id", 1]]
127 <190>1 2016-04-28T18:14:28.161645+00:00 app web.1 - - -------------capture-------------
146 <190>1 2016-04-28T18:14:28.161653+00:00 app web.1 - - PAYPALDATASTORE[:transaction_id] = 68075085UJ698852U
168 <190>1 2016-04-28T18:14:31.901010+00:00 app web.1 - - response = --- !ruby/object:ActiveMerchant::Billing::PaypalExpressResponse
101 <190>1 2016-04-28T18:14:31.901022+00:00 app web.1 - - params:
129 <190>1 2016-04-28T18:14:31.901023+00:00 app web.1 - -   timestamp: '2016-04-28T18:14:31Z'
108 <190>1 2016-04-28T18:14:31.901024+00:00 app web.1 - -   ack: Success
125 <190>1 2016-04-28T18:14:31.901025+00:00 app web.1 - -   correlation_id: 82d47d9c86073
109 <190>1 2016-04-28T18:14:31.901025+00:00 app web.1 - -   version: '72'
113 <190>1 2016-04-28T18:14:31.901026+00:00 app web.1 - -   build: '21669447'
131 <190>1 2016-04-28T18:14:31.901026+00:00 app web.1 - -   authorization_id: 68075085UJ698852U
129 <190>1 2016-04-28T18:14:31.901027+00:00 app web.1 - -   transaction_id: 8WM03068T6468714S
136 <190>1 2016-04-28T18:14:31.901028+00:00 app web.1 - -   parent_transaction_id: 68075085UJ698852U
108 <190>1 2016-04-28T18:14:31.901028+00:00 app web.1 - -   receipt_id:
130 <190>1 2016-04-28T18:14:31.901029+00:00 app web.1 - -   transaction_type: express-checkout
117 <190>1 2016-04-28T18:14:31.901030+00:00 app web.1 - -   payment_type: instant
132 <190>1 2016-04-28T18:14:31.901030+00:00 app web.1 - -   payment_date: '2016-04-28T18:14:31Z'
117 <190>1 2016-04-28T18:14:31.901031+00:00 app web.1 - -   gross_amount: '15.00'
125 <190>1 2016-04-28T18:14:31.901031+00:00 app web.1 - -   gross_amount_currency_id: USD
114 <190>1 2016-04-28T18:14:31.901032+00:00 app web.1 - -   fee_amount: '0.74'
123 <190>1 2016-04-28T18:14:31.901033+00:00 app web.1 - -   fee_amount_currency_id: USD
114 <190>1 2016-04-28T18:14:31.901033+00:00 app web.1 - -   tax_amount: '0.00'
123 <190>1 2016-04-28T18:14:31.901034+00:00 app web.1 - -   tax_amount_currency_id: USD
111 <190>1 2016-04-28T18:14:31.901034+00:00 app web.1 - -   exchange_rate:
121 <190>1 2016-04-28T18:14:31.901035+00:00 app web.1 - -   payment_status: Completed
116 <190>1 2016-04-28T18:14:31.901035+00:00 app web.1 - -   pending_reason: none
113 <190>1 2016-04-28T18:14:31.901036+00:00 app web.1 - -   reason_code: none
128 <190>1 2016-04-28T18:14:31.901036+00:00 app web.1 - -   protection_eligibility: Eligible
176 <190>1 2016-04-28T18:14:31.901041+00:00 app web.1 - -   protection_eligibility_type: ItemNotReceivedEligible,UnauthorizedPaymentEligible
130 <190>1 2016-04-28T18:14:31.901041+00:00 app web.1 - -   AuthorizationID: 68075085UJ698852U
108 <190>1 2016-04-28T18:14:31.901042+00:00 app web.1 - -   PaymentInfo:
130 <190>1 2016-04-28T18:14:31.901043+00:00 app web.1 - -     TransactionID: 8WM03068T6468714S
136 <190>1 2016-04-28T18:14:31.901043+00:00 app web.1 - -     ParentTransactionID: 68075085UJ698852U
109 <190>1 2016-04-28T18:14:31.901044+00:00 app web.1 - -     ReceiptID:
131 <190>1 2016-04-28T18:14:31.901044+00:00 app web.1 - -     TransactionType: express-checkout
118 <190>1 2016-04-28T18:14:31.901045+00:00 app web.1 - -     PaymentType: instant
133 <190>1 2016-04-28T18:14:31.901045+00:00 app web.1 - -     PaymentDate: '2016-04-28T18:14:31Z'
118 <190>1 2016-04-28T18:14:31.901046+00:00 app web.1 - -     GrossAmount: '15.00'
115 <190>1 2016-04-28T18:14:31.901047+00:00 app web.1 - -     FeeAmount: '0.74'
115 <190>1 2016-04-28T18:14:31.901047+00:00 app web.1 - -     TaxAmount: '0.00'
112 <190>1 2016-04-28T18:14:31.901048+00:00 app web.1 - -     ExchangeRate:
122 <190>1 2016-04-28T18:14:31.901048+00:00 app web.1 - -     PaymentStatus: Completed
117 <190>1 2016-04-28T18:14:31.901049+00:00 app web.1 - -     PendingReason: none
114 <190>1 2016-04-28T18:14:31.901049+00:00 app web.1 - -     ReasonCode: none
129 <190>1 2016-04-28T18:14:31.901050+00:00 app web.1 - -     ProtectionEligibility: Eligible
176 <190>1 2016-04-28T18:14:31.901051+00:00 app web.1 - -     ProtectionEligibilityType: ItemNotReceivedEligible,UnauthorizedPaymentEligible
110 <190>1 2016-04-28T18:14:31.901051+00:00 app web.1 - - message: Success
107 <190>1 2016-04-28T18:14:31.901052+00:00 app web.1 - - success: true
105 <190>1 2016-04-28T18:14:31.901053+00:00 app web.1 - - test: false
126 <190>1 2016-04-28T18:14:31.901053+00:00 app web.1 - - authorization: 8WM03068T6468714S
113 <190>1 2016-04-28T18:14:31.901054+00:00 app web.1 - - fraud_review: false
106 <190>1 2016-04-28T18:14:31.901054+00:00 app web.1 - - error_code:
113 <190>1 2016-04-28T18:14:31.901055+00:00 app web.1 - - emv_authorization:
105 <190>1 2016-04-28T18:14:31.901056+00:00 app web.1 - - avs_result:
102 <190>1 2016-04-28T18:14:31.901056+00:00 app web.1 - -   code:
105 <190>1 2016-04-28T18:14:31.901057+00:00 app web.1 - -   message:
110 <190>1 2016-04-28T18:14:31.901057+00:00 app web.1 - -   street_match:
110 <190>1 2016-04-28T18:14:31.901058+00:00 app web.1 - -   postal_match:
105 <190>1 2016-04-28T18:14:31.901058+00:00 app web.1 - - cvv_result:
102 <190>1 2016-04-28T18:14:31.901059+00:00 app web.1 - -   code:
105 <190>1 2016-04-28T18:14:31.901060+00:00 app web.1 - -   message:
161 <190>1 2016-04-28T18:14:31.909499+00:00 app web.1 - -   Rendered test/capture.html.erb within layouts/application (2.7ms)
135 <190>1 2016-04-28T18:14:31.914043+00:00 app web.1 - -   Rendered layouts/_shim.html.erb (0.4ms)
240 <190>1 2016-04-28T18:14:31.935860+00:00 app web.1 - -   [1m[35mAccessCode Load (1.7ms)[0m  SELECT  "access_codes".* FROM "access_codes" WHERE "access_codes"."user_id" = $1 LIMIT 1  [["user_id", 1]]
138 <190>1 2016-04-28T18:14:31.961334+00:00 app web.1 - -   Rendered layouts/_header.html.erb (46.7ms)
137 <190>1 2016-04-28T18:14:31.964784+00:00 app web.1 - -   Rendered layouts/_footer.html.erb (2.6ms)
159 <190>1 2016-04-28T18:14:31.965190+00:00 app web.1 - - Completed 200 OK in 3946ms (Views: 53.6ms | ActiveRecord: 44.8ms)
293 <158>1 2016-04-28T18:14:31.976170+00:00 heroku router - - at=info method=POST path="/test/capture" host=www.farmerscellar.com request_id=e00cfe8f-e22d-4eee-8a65-da43c2465499 fwd="50.46.117.254" dyno=web.1 connect=0ms service=4119ms status=200 bytes=4094
